Performing C SOURCE FILE Test CMAKE_HAVE_LIBC_PTHREAD failed with the following output:
Change Dir: /media/zhuhang/F/gvins_ws/src/ic_gvins/build/CMakeFiles/CMakeTmp

Run Build Command(s):/usr/bin/make cmTC_a8aca/fast && /usr/bin/make -f CMakeFiles/cmTC_a8aca.dir/build.make CMakeFiles/cmTC_a8aca.dir/build
make[1]: 进入目录“/media/zhuhang/F/gvins_ws/src/ic_gvins/build/CMakeFiles/CMakeTmp”
Building C object CMakeFiles/cmTC_a8aca.dir/src.c.o
/usr/bin/gcc   -Wall -O3 -DCMAKE_HAVE_LIBC_PTHREAD   -o CMakeFiles/cmTC_a8aca.dir/src.c.o   -c /media/zhuhang/F/gvins_ws/src/ic_gvins/build/CMakeFiles/CMakeTmp/src.c
Linking C executable cmTC_a8aca
/usr/bin/cmake -E cmake_link_script CMakeFiles/cmTC_a8aca.dir/link.txt --verbose=1
/usr/bin/gcc  -Wall -O3 -DCMAKE_HAVE_LIBC_PTHREAD    CMakeFiles/cmTC_a8aca.dir/src.c.o  -o cmTC_a8aca 
/usr/bin/ld: CMakeFiles/cmTC_a8aca.dir/src.c.o: in function `main':
src.c:(.text.startup+0x29): undefined reference to `pthread_create'
/usr/bin/ld: src.c:(.text.startup+0x32): undefined reference to `pthread_detach'
/usr/bin/ld: src.c:(.text.startup+0x3d): undefined reference to `pthread_join'
collect2: error: ld returned 1 exit status
make[1]: *** [CMakeFiles/cmTC_a8aca.dir/build.make:87：cmTC_a8aca] 错误 1
make[1]: 离开目录“/media/zhuhang/F/gvins_ws/src/ic_gvins/build/CMakeFiles/CMakeTmp”
make: *** [Makefile:121：cmTC_a8aca/fast] 错误 2


Source file was:
#include <pthread.h>

void* test_func(void* data)
{
  return data;
}

int main(void)
{
  pthread_t thread;
  pthread_create(&thread, NULL, test_func, NULL);
  pthread_detach(thread);
  pthread_join(thread, NULL);
  pthread_atfork(NULL, NULL, NULL);
  pthread_exit(NULL);

  return 0;
}

Determining if the function pthread_create exists in the pthreads failed with the following output:
Change Dir: /media/zhuhang/F/gvins_ws/src/ic_gvins/build/CMakeFiles/CMakeTmp

Run Build Command(s):/usr/bin/make cmTC_8d0a1/fast && /usr/bin/make -f CMakeFiles/cmTC_8d0a1.dir/build.make CMakeFiles/cmTC_8d0a1.dir/build
make[1]: 进入目录“/media/zhuhang/F/gvins_ws/src/ic_gvins/build/CMakeFiles/CMakeTmp”
Building C object CMakeFiles/cmTC_8d0a1.dir/CheckFunctionExists.c.o
/usr/bin/gcc   -Wall -O3 -DCHECK_FUNCTION_EXISTS=pthread_create   -o CMakeFiles/cmTC_8d0a1.dir/CheckFunctionExists.c.o   -c /usr/share/cmake-3.16/Modules/CheckFunctionExists.c
Linking C executable cmTC_8d0a1
/usr/bin/cmake -E cmake_link_script CMakeFiles/cmTC_8d0a1.dir/link.txt --verbose=1
/usr/bin/gcc  -Wall -O3 -DCHECK_FUNCTION_EXISTS=pthread_create    CMakeFiles/cmTC_8d0a1.dir/CheckFunctionExists.c.o  -o cmTC_8d0a1  -lpthreads 
/usr/bin/ld: 找不到 -lpthreads
collect2: error: ld returned 1 exit status
make[1]: *** [CMakeFiles/cmTC_8d0a1.dir/build.make:87：cmTC_8d0a1] 错误 1
make[1]: 离开目录“/media/zhuhang/F/gvins_ws/src/ic_gvins/build/CMakeFiles/CMakeTmp”
make: *** [Makefile:121：cmTC_8d0a1/fast] 错误 2



Determining if the function sgemm_ exists failed with the following output:
Change Dir: /media/zhuhang/F/gvins_ws/src/ic_gvins/build/CMakeFiles/CMakeTmp

Run Build Command(s):/usr/bin/make cmTC_de0f5/fast && /usr/bin/make -f CMakeFiles/cmTC_de0f5.dir/build.make CMakeFiles/cmTC_de0f5.dir/build
make[1]: 进入目录“/media/zhuhang/F/gvins_ws/src/ic_gvins/build/CMakeFiles/CMakeTmp”
Building C object CMakeFiles/cmTC_de0f5.dir/CheckFunctionExists.c.o
/usr/bin/gcc   -Wall -O3 -DCHECK_FUNCTION_EXISTS=sgemm_   -o CMakeFiles/cmTC_de0f5.dir/CheckFunctionExists.c.o   -c /usr/share/cmake-3.16/Modules/CheckFunctionExists.c
Linking C executable cmTC_de0f5
/usr/bin/cmake -E cmake_link_script CMakeFiles/cmTC_de0f5.dir/link.txt --verbose=1
/usr/bin/gcc  -Wall -O3 -DCHECK_FUNCTION_EXISTS=sgemm_    CMakeFiles/cmTC_de0f5.dir/CheckFunctionExists.c.o  -o cmTC_de0f5 
/usr/bin/ld: CMakeFiles/cmTC_de0f5.dir/CheckFunctionExists.c.o: in function `main':
CheckFunctionExists.c:(.text.startup+0x10): undefined reference to `sgemm_'
collect2: error: ld returned 1 exit status
make[1]: *** [CMakeFiles/cmTC_de0f5.dir/build.make:87：cmTC_de0f5] 错误 1
make[1]: 离开目录“/media/zhuhang/F/gvins_ws/src/ic_gvins/build/CMakeFiles/CMakeTmp”
make: *** [Makefile:121：cmTC_de0f5/fast] 错误 2



Determining if the function cheev_ exists failed with the following output:
Change Dir: /media/zhuhang/F/gvins_ws/src/ic_gvins/build/CMakeFiles/CMakeTmp

Run Build Command(s):/usr/bin/make cmTC_b8ffe/fast && /usr/bin/make -f CMakeFiles/cmTC_b8ffe.dir/build.make CMakeFiles/cmTC_b8ffe.dir/build
make[1]: 进入目录“/media/zhuhang/F/gvins_ws/src/ic_gvins/build/CMakeFiles/CMakeTmp”
Building C object CMakeFiles/cmTC_b8ffe.dir/CheckFunctionExists.c.o
/usr/bin/gcc   -Wall -O3 -DCHECK_FUNCTION_EXISTS=cheev_   -o CMakeFiles/cmTC_b8ffe.dir/CheckFunctionExists.c.o   -c /usr/share/cmake-3.16/Modules/CheckFunctionExists.c
Linking C executable cmTC_b8ffe
/usr/bin/cmake -E cmake_link_script CMakeFiles/cmTC_b8ffe.dir/link.txt --verbose=1
/usr/bin/gcc  -Wall -O3 -DCHECK_FUNCTION_EXISTS=cheev_    CMakeFiles/cmTC_b8ffe.dir/CheckFunctionExists.c.o  -o cmTC_b8ffe  /usr/lib/x86_64-linux-gnu/libblas.so 
/usr/bin/ld: CMakeFiles/cmTC_b8ffe.dir/CheckFunctionExists.c.o: in function `main':
CheckFunctionExists.c:(.text.startup+0x10): undefined reference to `cheev_'
collect2: error: ld returned 1 exit status
make[1]: *** [CMakeFiles/cmTC_b8ffe.dir/build.make:88：cmTC_b8ffe] 错误 1
make[1]: 离开目录“/media/zhuhang/F/gvins_ws/src/ic_gvins/build/CMakeFiles/CMakeTmp”
make: *** [Makefile:121：cmTC_b8ffe/fast] 错误 2



Performing C SOURCE FILE Test CMAKE_HAVE_LIBC_PTHREAD failed with the following output:
Change Dir: /media/zhuhang/F/gvins_ws/src/ic_gvins/build/CMakeFiles/CMakeTmp

Run Build Command(s):/usr/bin/make cmTC_2a354/fast && /usr/bin/make -f CMakeFiles/cmTC_2a354.dir/build.make CMakeFiles/cmTC_2a354.dir/build
make[1]: 进入目录“/media/zhuhang/F/gvins_ws/src/ic_gvins/build/CMakeFiles/CMakeTmp”
Building C object CMakeFiles/cmTC_2a354.dir/src.c.o
/usr/bin/gcc   -Wall -O3 -DCMAKE_HAVE_LIBC_PTHREAD   -o CMakeFiles/cmTC_2a354.dir/src.c.o   -c /media/zhuhang/F/gvins_ws/src/ic_gvins/build/CMakeFiles/CMakeTmp/src.c
Linking C executable cmTC_2a354
/usr/bin/cmake -E cmake_link_script CMakeFiles/cmTC_2a354.dir/link.txt --verbose=1
/usr/bin/gcc  -Wall -O3 -DCMAKE_HAVE_LIBC_PTHREAD    CMakeFiles/cmTC_2a354.dir/src.c.o  -o cmTC_2a354 
/usr/bin/ld: CMakeFiles/cmTC_2a354.dir/src.c.o: in function `main':
src.c:(.text.startup+0x29): undefined reference to `pthread_create'
/usr/bin/ld: src.c:(.text.startup+0x32): undefined reference to `pthread_detach'
/usr/bin/ld: src.c:(.text.startup+0x3d): undefined reference to `pthread_join'
collect2: error: ld returned 1 exit status
make[1]: *** [CMakeFiles/cmTC_2a354.dir/build.make:87：cmTC_2a354] 错误 1
make[1]: 离开目录“/media/zhuhang/F/gvins_ws/src/ic_gvins/build/CMakeFiles/CMakeTmp”
make: *** [Makefile:121：cmTC_2a354/fast] 错误 2


Source file was:
#include <pthread.h>

void* test_func(void* data)
{
  return data;
}

int main(void)
{
  pthread_t thread;
  pthread_create(&thread, NULL, test_func, NULL);
  pthread_detach(thread);
  pthread_join(thread, NULL);
  pthread_atfork(NULL, NULL, NULL);
  pthread_exit(NULL);

  return 0;
}

Determining if the function pthread_create exists in the pthreads failed with the following output:
Change Dir: /media/zhuhang/F/gvins_ws/src/ic_gvins/build/CMakeFiles/CMakeTmp

Run Build Command(s):/usr/bin/make cmTC_5cfec/fast && /usr/bin/make -f CMakeFiles/cmTC_5cfec.dir/build.make CMakeFiles/cmTC_5cfec.dir/build
make[1]: 进入目录“/media/zhuhang/F/gvins_ws/src/ic_gvins/build/CMakeFiles/CMakeTmp”
Building C object CMakeFiles/cmTC_5cfec.dir/CheckFunctionExists.c.o
/usr/bin/gcc   -Wall -O3 -DCHECK_FUNCTION_EXISTS=pthread_create   -o CMakeFiles/cmTC_5cfec.dir/CheckFunctionExists.c.o   -c /usr/share/cmake-3.16/Modules/CheckFunctionExists.c
Linking C executable cmTC_5cfec
/usr/bin/cmake -E cmake_link_script CMakeFiles/cmTC_5cfec.dir/link.txt --verbose=1
/usr/bin/gcc  -Wall -O3 -DCHECK_FUNCTION_EXISTS=pthread_create    CMakeFiles/cmTC_5cfec.dir/CheckFunctionExists.c.o  -o cmTC_5cfec  -lpthreads 
/usr/bin/ld: 找不到 -lpthreads
collect2: error: ld returned 1 exit status
make[1]: *** [CMakeFiles/cmTC_5cfec.dir/build.make:87：cmTC_5cfec] 错误 1
make[1]: 离开目录“/media/zhuhang/F/gvins_ws/src/ic_gvins/build/CMakeFiles/CMakeTmp”
make: *** [Makefile:121：cmTC_5cfec/fast] 错误 2



Determining if the function sgemm_ exists failed with the following output:
Change Dir: /media/zhuhang/F/gvins_ws/src/ic_gvins/build/CMakeFiles/CMakeTmp

Run Build Command(s):/usr/bin/make cmTC_54c14/fast && /usr/bin/make -f CMakeFiles/cmTC_54c14.dir/build.make CMakeFiles/cmTC_54c14.dir/build
make[1]: 进入目录“/media/zhuhang/F/gvins_ws/src/ic_gvins/build/CMakeFiles/CMakeTmp”
Building C object CMakeFiles/cmTC_54c14.dir/CheckFunctionExists.c.o
/usr/bin/gcc   -Wall -O3 -DCHECK_FUNCTION_EXISTS=sgemm_   -o CMakeFiles/cmTC_54c14.dir/CheckFunctionExists.c.o   -c /usr/share/cmake-3.16/Modules/CheckFunctionExists.c
Linking C executable cmTC_54c14
/usr/bin/cmake -E cmake_link_script CMakeFiles/cmTC_54c14.dir/link.txt --verbose=1
/usr/bin/gcc  -Wall -O3 -DCHECK_FUNCTION_EXISTS=sgemm_    CMakeFiles/cmTC_54c14.dir/CheckFunctionExists.c.o  -o cmTC_54c14 
/usr/bin/ld: CMakeFiles/cmTC_54c14.dir/CheckFunctionExists.c.o: in function `main':
CheckFunctionExists.c:(.text.startup+0x10): undefined reference to `sgemm_'
collect2: error: ld returned 1 exit status
make[1]: *** [CMakeFiles/cmTC_54c14.dir/build.make:87：cmTC_54c14] 错误 1
make[1]: 离开目录“/media/zhuhang/F/gvins_ws/src/ic_gvins/build/CMakeFiles/CMakeTmp”
make: *** [Makefile:121：cmTC_54c14/fast] 错误 2



Determining if the function cheev_ exists failed with the following output:
Change Dir: /media/zhuhang/F/gvins_ws/src/ic_gvins/build/CMakeFiles/CMakeTmp

Run Build Command(s):/usr/bin/make cmTC_2a0f6/fast && /usr/bin/make -f CMakeFiles/cmTC_2a0f6.dir/build.make CMakeFiles/cmTC_2a0f6.dir/build
make[1]: 进入目录“/media/zhuhang/F/gvins_ws/src/ic_gvins/build/CMakeFiles/CMakeTmp”
Building C object CMakeFiles/cmTC_2a0f6.dir/CheckFunctionExists.c.o
/usr/bin/gcc   -Wall -O3 -DCHECK_FUNCTION_EXISTS=cheev_   -o CMakeFiles/cmTC_2a0f6.dir/CheckFunctionExists.c.o   -c /usr/share/cmake-3.16/Modules/CheckFunctionExists.c
Linking C executable cmTC_2a0f6
/usr/bin/cmake -E cmake_link_script CMakeFiles/cmTC_2a0f6.dir/link.txt --verbose=1
/usr/bin/gcc  -Wall -O3 -DCHECK_FUNCTION_EXISTS=cheev_    CMakeFiles/cmTC_2a0f6.dir/CheckFunctionExists.c.o  -o cmTC_2a0f6  /usr/lib/x86_64-linux-gnu/libblas.so 
/usr/bin/ld: CMakeFiles/cmTC_2a0f6.dir/CheckFunctionExists.c.o: in function `main':
CheckFunctionExists.c:(.text.startup+0x10): undefined reference to `cheev_'
collect2: error: ld returned 1 exit status
make[1]: *** [CMakeFiles/cmTC_2a0f6.dir/build.make:88：cmTC_2a0f6] 错误 1
make[1]: 离开目录“/media/zhuhang/F/gvins_ws/src/ic_gvins/build/CMakeFiles/CMakeTmp”
make: *** [Makefile:121：cmTC_2a0f6/fast] 错误 2



Performing C SOURCE FILE Test CMAKE_HAVE_LIBC_PTHREAD failed with the following output:
Change Dir: /media/zhuhang/F/gvins_ws/src/ic_gvins/build/CMakeFiles/CMakeTmp

Run Build Command(s):/usr/bin/make cmTC_97913/fast && /usr/bin/make -f CMakeFiles/cmTC_97913.dir/build.make CMakeFiles/cmTC_97913.dir/build
make[1]: 进入目录“/media/zhuhang/F/gvins_ws/src/ic_gvins/build/CMakeFiles/CMakeTmp”
Building C object CMakeFiles/cmTC_97913.dir/src.c.o
/usr/bin/gcc   -Wall -O3 -DCMAKE_HAVE_LIBC_PTHREAD   -o CMakeFiles/cmTC_97913.dir/src.c.o   -c /media/zhuhang/F/gvins_ws/src/ic_gvins/build/CMakeFiles/CMakeTmp/src.c
Linking C executable cmTC_97913
/usr/bin/cmake -E cmake_link_script CMakeFiles/cmTC_97913.dir/link.txt --verbose=1
/usr/bin/gcc  -Wall -O3 -DCMAKE_HAVE_LIBC_PTHREAD    CMakeFiles/cmTC_97913.dir/src.c.o  -o cmTC_97913 
/usr/bin/ld: CMakeFiles/cmTC_97913.dir/src.c.o: in function `main':
src.c:(.text.startup+0x29): undefined reference to `pthread_create'
/usr/bin/ld: src.c:(.text.startup+0x32): undefined reference to `pthread_detach'
/usr/bin/ld: src.c:(.text.startup+0x3d): undefined reference to `pthread_join'
collect2: error: ld returned 1 exit status
make[1]: *** [CMakeFiles/cmTC_97913.dir/build.make:87：cmTC_97913] 错误 1
make[1]: 离开目录“/media/zhuhang/F/gvins_ws/src/ic_gvins/build/CMakeFiles/CMakeTmp”
make: *** [Makefile:121：cmTC_97913/fast] 错误 2


Source file was:
#include <pthread.h>

void* test_func(void* data)
{
  return data;
}

int main(void)
{
  pthread_t thread;
  pthread_create(&thread, NULL, test_func, NULL);
  pthread_detach(thread);
  pthread_join(thread, NULL);
  pthread_atfork(NULL, NULL, NULL);
  pthread_exit(NULL);

  return 0;
}

Determining if the function pthread_create exists in the pthreads failed with the following output:
Change Dir: /media/zhuhang/F/gvins_ws/src/ic_gvins/build/CMakeFiles/CMakeTmp

Run Build Command(s):/usr/bin/make cmTC_77f85/fast && /usr/bin/make -f CMakeFiles/cmTC_77f85.dir/build.make CMakeFiles/cmTC_77f85.dir/build
make[1]: 进入目录“/media/zhuhang/F/gvins_ws/src/ic_gvins/build/CMakeFiles/CMakeTmp”
Building C object CMakeFiles/cmTC_77f85.dir/CheckFunctionExists.c.o
/usr/bin/gcc   -Wall -O3 -DCHECK_FUNCTION_EXISTS=pthread_create   -o CMakeFiles/cmTC_77f85.dir/CheckFunctionExists.c.o   -c /usr/share/cmake-3.16/Modules/CheckFunctionExists.c
Linking C executable cmTC_77f85
/usr/bin/cmake -E cmake_link_script CMakeFiles/cmTC_77f85.dir/link.txt --verbose=1
/usr/bin/gcc  -Wall -O3 -DCHECK_FUNCTION_EXISTS=pthread_create    CMakeFiles/cmTC_77f85.dir/CheckFunctionExists.c.o  -o cmTC_77f85  -lpthreads 
/usr/bin/ld: 找不到 -lpthreads
collect2: error: ld returned 1 exit status
make[1]: *** [CMakeFiles/cmTC_77f85.dir/build.make:87：cmTC_77f85] 错误 1
make[1]: 离开目录“/media/zhuhang/F/gvins_ws/src/ic_gvins/build/CMakeFiles/CMakeTmp”
make: *** [Makefile:121：cmTC_77f85/fast] 错误 2



Determining if the function sgemm_ exists failed with the following output:
Change Dir: /media/zhuhang/F/gvins_ws/src/ic_gvins/build/CMakeFiles/CMakeTmp

Run Build Command(s):/usr/bin/make cmTC_d9eb7/fast && /usr/bin/make -f CMakeFiles/cmTC_d9eb7.dir/build.make CMakeFiles/cmTC_d9eb7.dir/build
make[1]: 进入目录“/media/zhuhang/F/gvins_ws/src/ic_gvins/build/CMakeFiles/CMakeTmp”
Building C object CMakeFiles/cmTC_d9eb7.dir/CheckFunctionExists.c.o
/usr/bin/gcc   -Wall -O3 -DCHECK_FUNCTION_EXISTS=sgemm_   -o CMakeFiles/cmTC_d9eb7.dir/CheckFunctionExists.c.o   -c /usr/share/cmake-3.16/Modules/CheckFunctionExists.c
Linking C executable cmTC_d9eb7
/usr/bin/cmake -E cmake_link_script CMakeFiles/cmTC_d9eb7.dir/link.txt --verbose=1
/usr/bin/gcc  -Wall -O3 -DCHECK_FUNCTION_EXISTS=sgemm_    CMakeFiles/cmTC_d9eb7.dir/CheckFunctionExists.c.o  -o cmTC_d9eb7 
/usr/bin/ld: CMakeFiles/cmTC_d9eb7.dir/CheckFunctionExists.c.o: in function `main':
CheckFunctionExists.c:(.text.startup+0x10): undefined reference to `sgemm_'
collect2: error: ld returned 1 exit status
make[1]: *** [CMakeFiles/cmTC_d9eb7.dir/build.make:87：cmTC_d9eb7] 错误 1
make[1]: 离开目录“/media/zhuhang/F/gvins_ws/src/ic_gvins/build/CMakeFiles/CMakeTmp”
make: *** [Makefile:121：cmTC_d9eb7/fast] 错误 2



Determining if the function cheev_ exists failed with the following output:
Change Dir: /media/zhuhang/F/gvins_ws/src/ic_gvins/build/CMakeFiles/CMakeTmp

Run Build Command(s):/usr/bin/make cmTC_d9e38/fast && /usr/bin/make -f CMakeFiles/cmTC_d9e38.dir/build.make CMakeFiles/cmTC_d9e38.dir/build
make[1]: 进入目录“/media/zhuhang/F/gvins_ws/src/ic_gvins/build/CMakeFiles/CMakeTmp”
Building C object CMakeFiles/cmTC_d9e38.dir/CheckFunctionExists.c.o
/usr/bin/gcc   -Wall -O3 -DCHECK_FUNCTION_EXISTS=cheev_   -o CMakeFiles/cmTC_d9e38.dir/CheckFunctionExists.c.o   -c /usr/share/cmake-3.16/Modules/CheckFunctionExists.c
Linking C executable cmTC_d9e38
/usr/bin/cmake -E cmake_link_script CMakeFiles/cmTC_d9e38.dir/link.txt --verbose=1
/usr/bin/gcc  -Wall -O3 -DCHECK_FUNCTION_EXISTS=cheev_    CMakeFiles/cmTC_d9e38.dir/CheckFunctionExists.c.o  -o cmTC_d9e38  /usr/lib/x86_64-linux-gnu/libblas.so 
/usr/bin/ld: CMakeFiles/cmTC_d9e38.dir/CheckFunctionExists.c.o: in function `main':
CheckFunctionExists.c:(.text.startup+0x10): undefined reference to `cheev_'
collect2: error: ld returned 1 exit status
make[1]: *** [CMakeFiles/cmTC_d9e38.dir/build.make:88：cmTC_d9e38] 错误 1
make[1]: 离开目录“/media/zhuhang/F/gvins_ws/src/ic_gvins/build/CMakeFiles/CMakeTmp”
make: *** [Makefile:121：cmTC_d9e38/fast] 错误 2



